Flow report for PROC-7SEG
Mon Jan 31 18:31:25 2022
Quartus Prime Version 21.1.0 Build 842 10/21/2021 SJ Lite Edition


---------------------
; Table of Contents ;
---------------------
  1. Legal Notice
  2. Flow Summary
  3. Flow Settings
  4. Flow Non-Default Global Settings
  5. Flow Elapsed Time
  6. Flow OS Summary
  7. Flow Log
  8. Flow Messages
  9. Flow Suppressed Messages



----------------
; Legal Notice ;
----------------
Copyright (C) 2021  Intel Corporation. All rights reserved.
Your use of Intel Corporation's design tools, logic functions 
and other software and tools, and any partner logic 
functions, and any output files from any of the foregoing 
(including device programming or simulation files), and any 
associated documentation or information are expressly subject 
to the terms and conditions of the Intel Program License 
Subscription Agreement, the Intel Quartus Prime License Agreement,
the Intel FPGA IP License Agreement, or other applicable license
agreement, including, without limitation, that your use is for
the sole purpose of programming logic devices manufactured by
Intel and sold by Intel or its authorized distributors.  Please
refer to the applicable agreement for further details, at
https://fpgasoftware.intel.com/eula.



+----------------------------------------------------------------------------------+
; Flow Summary                                                                     ;
+------------------------------------+---------------------------------------------+
; Flow Status                        ; Successful - Mon Jan 31 18:31:25 2022       ;
; Quartus Prime Version              ; 21.1.0 Build 842 10/21/2021 SJ Lite Edition ;
; Revision Name                      ; PROC-7SEG                                   ;
; Top-level Entity Name              ; Top                                         ;
; Family                             ; MAX 10                                      ;
; Device                             ; 10M50DAF484C7G                              ;
; Timing Models                      ; Final                                       ;
; Total logic elements               ; 3,576 / 49,760 ( 7 % )                      ;
;     Total combinational functions  ; 3,412 / 49,760 ( 7 % )                      ;
;     Dedicated logic registers      ; 1,157 / 49,760 ( 2 % )                      ;
; Total registers                    ; 1157                                        ;
; Total pins                         ; 98 / 360 ( 27 % )                           ;
; Total virtual pins                 ; 0                                           ;
; Total memory bits                  ; 32,768 / 1,677,312 ( 2 % )                  ;
; Embedded Multiplier 9-bit elements ; 0 / 288 ( 0 % )                             ;
; Total PLLs                         ; 1 / 4 ( 25 % )                              ;
; UFM blocks                         ; 0 / 1 ( 0 % )                               ;
; ADC blocks                         ; 0 / 2 ( 0 % )                               ;
+------------------------------------+---------------------------------------------+


+-----------------------------------------+
; Flow Settings                           ;
+-------------------+---------------------+
; Option            ; Setting             ;
+-------------------+---------------------+
; Start date & time ; 01/31/2022 18:27:30 ;
; Main task         ; Compilation         ;
; Revision Name     ; PROC-7SEG           ;
+-------------------+---------------------+


+-------------------------------------------------------------------------------------------------------------------------------------------------+
; Flow Non-Default Global Settings                                                                                                                ;
+--------------------------------------+----------------------------------------+---------------+-------------+-----------------------------------+
; Assignment Name                      ; Value                                  ; Default Value ; Entity Name ; Section Id                        ;
+--------------------------------------+----------------------------------------+---------------+-------------+-----------------------------------+
; COMPILER_SIGNATURE_ID                ; 209631561722699.164365364904880        ; --            ; --          ; --                                ;
; EDA_DESIGN_INSTANCE_NAME             ; NA                                     ; --            ; --          ; TestBenchTop                      ;
; EDA_GENERATE_FUNCTIONAL_NETLIST      ; Off                                    ; --            ; --          ; eda_board_design_timing           ;
; EDA_GENERATE_FUNCTIONAL_NETLIST      ; Off                                    ; --            ; --          ; eda_board_design_boundary_scan    ;
; EDA_GENERATE_FUNCTIONAL_NETLIST      ; Off                                    ; --            ; --          ; eda_board_design_signal_integrity ;
; EDA_GENERATE_FUNCTIONAL_NETLIST      ; Off                                    ; --            ; --          ; eda_board_design_symbol           ;
; EDA_NATIVELINK_SIMULATION_TEST_BENCH ; TestBenchTop                           ; --            ; --          ; eda_simulation                    ;
; EDA_OUTPUT_DATA_FORMAT               ; Vhdl                                   ; --            ; --          ; eda_simulation                    ;
; EDA_SIMULATION_TOOL                  ; Questa Intel FPGA (VHDL)               ; <None>        ; --          ; --                                ;
; EDA_TEST_BENCH_ENABLE_STATUS         ; TEST_BENCH_MODE                        ; --            ; --          ; eda_simulation                    ;
; EDA_TEST_BENCH_FILE                  ; TestBenchTop.vhd                       ; --            ; --          ; TestBenchTop                      ;
; EDA_TEST_BENCH_MODULE_NAME           ; TestBenchTop                           ; --            ; --          ; TestBenchTop                      ;
; EDA_TEST_BENCH_NAME                  ; TestBenchTop                           ; --            ; --          ; eda_simulation                    ;
; MAX_CORE_JUNCTION_TEMP               ; 85                                     ; --            ; --          ; --                                ;
; MIN_CORE_JUNCTION_TEMP               ; 0                                      ; --            ; --          ; --                                ;
; MISC_FILE                            ; PLL.bsf                                ; --            ; --          ; --                                ;
; MISC_FILE                            ; PLL_inst.vhd                           ; --            ; --          ; --                                ;
; MISC_FILE                            ; PLL.inc                                ; --            ; --          ; --                                ;
; MISC_FILE                            ; PLL.cmp                                ; --            ; --          ; --                                ;
; MISC_FILE                            ; PLL.ppf                                ; --            ; --          ; --                                ;
; MISC_FILE                            ; PLL_syn.v                              ; --            ; --          ; --                                ;
; MISC_FILE                            ; RAM00.bsf                              ; --            ; --          ; --                                ;
; MISC_FILE                            ; RAM00_inst.vhd                         ; --            ; --          ; --                                ;
; MISC_FILE                            ; RAM00.inc                              ; --            ; --          ; --                                ;
; MISC_FILE                            ; RAM00.cmp                              ; --            ; --          ; --                                ;
; MISC_FILE                            ; RAM00_syn.v                            ; --            ; --          ; --                                ;
; MISC_FILE                            ; RAM08.bsf                              ; --            ; --          ; --                                ;
; MISC_FILE                            ; RAM08_inst.vhd                         ; --            ; --          ; --                                ;
; MISC_FILE                            ; RAM08.inc                              ; --            ; --          ; --                                ;
; MISC_FILE                            ; RAM08.cmp                              ; --            ; --          ; --                                ;
; MISC_FILE                            ; RAM08_syn.v                            ; --            ; --          ; --                                ;
; MISC_FILE                            ; RAM16.bsf                              ; --            ; --          ; --                                ;
; MISC_FILE                            ; RAM16_inst.vhd                         ; --            ; --          ; --                                ;
; MISC_FILE                            ; RAM16.inc                              ; --            ; --          ; --                                ;
; MISC_FILE                            ; RAM16.cmp                              ; --            ; --          ; --                                ;
; MISC_FILE                            ; RAM16_syn.v                            ; --            ; --          ; --                                ;
; MISC_FILE                            ; RAM24.bsf                              ; --            ; --          ; --                                ;
; MISC_FILE                            ; RAM24_inst.vhd                         ; --            ; --          ; --                                ;
; MISC_FILE                            ; RAM24.inc                              ; --            ; --          ; --                                ;
; MISC_FILE                            ; RAM24.cmp                              ; --            ; --          ; --                                ;
; MISC_FILE                            ; RAM24_syn.v                            ; --            ; --          ; --                                ;
; NUM_PARALLEL_PROCESSORS              ; 4                                      ; --            ; --          ; --                                ;
; OUTPUT_IO_TIMING_FAR_END_VMEAS       ; Half Signal Swing                      ; --            ; --          ; --                                ;
; OUTPUT_IO_TIMING_FAR_END_VMEAS       ; Half Signal Swing                      ; --            ; --          ; --                                ;
; OUTPUT_IO_TIMING_NEAR_END_VMEAS      ; Half Vccio                             ; --            ; --          ; --                                ;
; OUTPUT_IO_TIMING_NEAR_END_VMEAS      ; Half Vccio                             ; --            ; --          ; --                                ;
; PARTITION_COLOR                      ; -- (Not supported for targeted family) ; --            ; Top         ; Top                               ;
; PARTITION_FITTER_PRESERVATION_LEVEL  ; -- (Not supported for targeted family) ; --            ; Top         ; Top                               ;
; PARTITION_NETLIST_TYPE               ; -- (Not supported for targeted family) ; --            ; Top         ; Top                               ;
; POWER_BOARD_THERMAL_MODEL            ; None (CONSERVATIVE)                    ; --            ; --          ; --                                ;
; POWER_PRESET_COOLING_SOLUTION        ; 23 MM HEAT SINK WITH 200 LFPM AIRFLOW  ; --            ; --          ; --                                ;
; PROJECT_OUTPUT_DIRECTORY             ; output_files                           ; --            ; --          ; --                                ;
; TOP_LEVEL_ENTITY                     ; Top                                    ; PROC-7SEG     ; --          ; --                                ;
+--------------------------------------+----------------------------------------+---------------+-------------+-----------------------------------+


+--------------------------------------------------------------------------------------------------------------------------+
; Flow Elapsed Time                                                                                                        ;
+----------------------+--------------+-------------------------+---------------------+------------------------------------+
; Module Name          ; Elapsed Time ; Average Processors Used ; Peak Virtual Memory ; Total CPU Time (on all processors) ;
+----------------------+--------------+-------------------------+---------------------+------------------------------------+
; Analysis & Synthesis ; 00:01:41     ; 1.0                     ; 4864 MB             ; 00:01:55                           ;
; Fitter               ; 00:01:25     ; 1.5                     ; 5686 MB             ; 00:01:45                           ;
; Assembler            ; 00:00:07     ; 1.0                     ; 4746 MB             ; 00:00:07                           ;
; Timing Analyzer      ; 00:00:26     ; 1.9                     ; 4889 MB             ; 00:00:31                           ;
; EDA Netlist Writer   ; 00:00:03     ; 1.0                     ; 4682 MB             ; 00:00:03                           ;
; Total                ; 00:03:42     ; --                      ; --                  ; 00:04:21                           ;
+----------------------+--------------+-------------------------+---------------------+------------------------------------+


+------------------------------------------------------------------------------------+
; Flow OS Summary                                                                    ;
+----------------------+------------------+------------+------------+----------------+
; Module Name          ; Machine Hostname ; OS Name    ; OS Version ; Processor type ;
+----------------------+------------------+------------+------------+----------------+
; Analysis & Synthesis ; DESKTOP-36A028I  ; Windows 10 ; 10.0       ; x86_64         ;
; Fitter               ; DESKTOP-36A028I  ; Windows 10 ; 10.0       ; x86_64         ;
; Assembler            ; DESKTOP-36A028I  ; Windows 10 ; 10.0       ; x86_64         ;
; Timing Analyzer      ; DESKTOP-36A028I  ; Windows 10 ; 10.0       ; x86_64         ;
; EDA Netlist Writer   ; DESKTOP-36A028I  ; Windows 10 ; 10.0       ; x86_64         ;
+----------------------+------------------+------------+------------+----------------+


------------
; Flow Log ;
------------
quartus_map --read_settings_files=on --write_settings_files=off PROC-7SEG -c PROC-7SEG
quartus_fit --read_settings_files=off --write_settings_files=off PROC-7SEG -c PROC-7SEG
quartus_asm --read_settings_files=off --write_settings_files=off PROC-7SEG -c PROC-7SEG
quartus_sta PROC-7SEG -c PROC-7SEG
quartus_eda --read_settings_files=off --write_settings_files=off PROC-7SEG -c PROC-7SEG



